<?xml version="1.0" encoding="UTF-8"?>
<testsuite xmlns:xsi="http://www.w3.org/2001/XMLSchema-instance" xsi:noNamespaceSchemaLocation="https://maven.apache.org/surefire/maven-surefire-plugin/xsd/surefire-test-report.xsd" name="jsample.service.AppServiceTest" time="3.99" tests="7" errors="0" skipped="0" failures="0">
  <properties>
    <property name="sun.desktop" value="windows"/>
    <property name="awt.toolkit" value="sun.awt.windows.WToolkit"/>
    <property name="java.specification.version" value="11"/>
    <property name="sun.cpu.isalist" value="amd64"/>
    <property name="sun.jnu.encoding" value="MS932"/>
    <property name="java.class.path" value="D:\mine\projects\workspace\java-microservice\java-microservice\target\test-classes;D:\mine\projects\workspace\java-microservice\java-microservice\target\classes;C:\Users\vsachdeva\.m2\repository\org\springframework\boot\spring-boot-starter\2.2.0.RELEASE\spring-boot-starter-2.2.0.RELEASE.jar;C:\Users\vsachdeva\.m2\repository\org\springframework\boot\spring-boot\2.2.0.RELEASE\spring-boot-2.2.0.RELEASE.jar;C:\Users\vsachdeva\.m2\repository\org\springframework\boot\spring-boot-autoconfigure\2.2.0.RELEASE\spring-boot-autoconfigure-2.2.0.RELEASE.jar;C:\Users\vsachdeva\.m2\repository\org\springframework\boot\spring-boot-starter-logging\2.2.0.RELEASE\spring-boot-starter-logging-2.2.0.RELEASE.jar;C:\Users\vsachdeva\.m2\repository\ch\qos\logback\logback-classic\1.2.3\logback-classic-1.2.3.jar;C:\Users\vsachdeva\.m2\repository\ch\qos\logback\logback-core\1.2.3\logback-core-1.2.3.jar;C:\Users\vsachdeva\.m2\repository\org\apache\logging\log4j\log4j-to-slf4j\2.12.1\log4j-to-slf4j-2.12.1.jar;C:\Users\vsachdeva\.m2\repository\org\apache\logging\log4j\log4j-api\2.12.1\log4j-api-2.12.1.jar;C:\Users\vsachdeva\.m2\repository\org\slf4j\jul-to-slf4j\1.7.28\jul-to-slf4j-1.7.28.jar;C:\Users\vsachdeva\.m2\repository\jakarta\annotation\jakarta.annotation-api\1.3.5\jakarta.annotation-api-1.3.5.jar;C:\Users\vsachdeva\.m2\repository\org\springframework\spring-core\5.2.0.RELEASE\spring-core-5.2.0.RELEASE.jar;C:\Users\vsachdeva\.m2\repository\org\springframework\spring-jcl\5.2.0.RELEASE\spring-jcl-5.2.0.RELEASE.jar;C:\Users\vsachdeva\.m2\repository\org\yaml\snakeyaml\1.25\snakeyaml-1.25.jar;C:\Users\vsachdeva\.m2\repository\org\springframework\boot\spring-boot-starter-test\2.2.0.RELEASE\spring-boot-starter-test-2.2.0.RELEASE.jar;C:\Users\vsachdeva\.m2\repository\org\springframework\boot\spring-boot-test\2.2.0.RELEASE\spring-boot-test-2.2.0.RELEASE.jar;C:\Users\vsachdeva\.m2\repository\org\springframework\boot\spring-boot-test-autoconfigure\2.2.0.RELEASE\spring-boot-test-autoconfigure-2.2.0.RELEASE.jar;C:\Users\vsachdeva\.m2\repository\com\jayway\jsonpath\json-path\2.4.0\json-path-2.4.0.jar;C:\Users\vsachdeva\.m2\repository\net\minidev\json-smart\2.3\json-smart-2.3.jar;C:\Users\vsachdeva\.m2\repository\net\minidev\accessors-smart\1.2\accessors-smart-1.2.jar;C:\Users\vsachdeva\.m2\repository\org\slf4j\slf4j-api\1.7.28\slf4j-api-1.7.28.jar;C:\Users\vsachdeva\.m2\repository\jakarta\xml\bind\jakarta.xml.bind-api\2.3.2\jakarta.xml.bind-api-2.3.2.jar;C:\Users\vsachdeva\.m2\repository\jakarta\activation\jakarta.activation-api\1.2.1\jakarta.activation-api-1.2.1.jar;C:\Users\vsachdeva\.m2\repository\org\junit\jupiter\junit-jupiter\5.5.2\junit-jupiter-5.5.2.jar;C:\Users\vsachdeva\.m2\repository\org\junit\jupiter\junit-jupiter-params\5.5.2\junit-jupiter-params-5.5.2.jar;C:\Users\vsachdeva\.m2\repository\org\junit\vintage\junit-vintage-engine\5.5.2\junit-vintage-engine-5.5.2.jar;C:\Users\vsachdeva\.m2\repository\org\mockito\mockito-junit-jupiter\3.1.0\mockito-junit-jupiter-3.1.0.jar;C:\Users\vsachdeva\.m2\repository\org\assertj\assertj-core\3.13.2\assertj-core-3.13.2.jar;C:\Users\vsachdeva\.m2\repository\org\hamcrest\hamcrest\2.1\hamcrest-2.1.jar;C:\Users\vsachdeva\.m2\repository\org\mockito\mockito-core\3.1.0\mockito-core-3.1.0.jar;C:\Users\vsachdeva\.m2\repository\net\bytebuddy\byte-buddy\1.10.1\byte-buddy-1.10.1.jar;C:\Users\vsachdeva\.m2\repository\net\bytebuddy\byte-buddy-agent\1.10.1\byte-buddy-agent-1.10.1.jar;C:\Users\vsachdeva\.m2\repository\org\objenesis\objenesis\2.6\objenesis-2.6.jar;C:\Users\vsachdeva\.m2\repository\org\skyscreamer\jsonassert\1.5.0\jsonassert-1.5.0.jar;C:\Users\vsachdeva\.m2\repository\com\vaadin\external\google\android-json\0.0.20131108.vaadin1\android-json-0.0.20131108.vaadin1.jar;C:\Users\vsachdeva\.m2\repository\org\springframework\spring-test\5.2.0.RELEASE\spring-test-5.2.0.RELEASE.jar;C:\Users\vsachdeva\.m2\repository\org\xmlunit\xmlunit-core\2.6.3\xmlunit-core-2.6.3.jar;C:\Users\vsachdeva\.m2\repository\org\springframework\boot\spring-boot-devtools\2.2.0.RELEASE\spring-boot-devtools-2.2.0.RELEASE.jar;C:\Users\vsachdeva\.m2\repository\org\junit\jupiter\junit-jupiter-api\5.5.2\junit-jupiter-api-5.5.2.jar;C:\Users\vsachdeva\.m2\repository\org\apiguardian\apiguardian-api\1.1.0\apiguardian-api-1.1.0.jar;C:\Users\vsachdeva\.m2\repository\org\opentest4j\opentest4j\1.2.0\opentest4j-1.2.0.jar;C:\Users\vsachdeva\.m2\repository\org\junit\jupiter\junit-jupiter-engine\5.5.2\junit-jupiter-engine-5.5.2.jar;C:\Users\vsachdeva\.m2\repository\org\junit\platform\junit-platform-engine\1.5.2\junit-platform-engine-1.5.2.jar;C:\Users\vsachdeva\.m2\repository\org\junit\platform\junit-platform-commons\1.5.2\junit-platform-commons-1.5.2.jar;C:\Users\vsachdeva\.m2\repository\org\springframework\cloud\spring-cloud-starter-contract-verifier\2.2.0.RC1\spring-cloud-starter-contract-verifier-2.2.0.RC1.jar;C:\Users\vsachdeva\.m2\repository\org\springframework\cloud\spring-cloud-contract-verifier\2.2.0.RC1\spring-cloud-contract-verifier-2.2.0.RC1.jar;C:\Users\vsachdeva\.m2\repository\org\springframework\cloud\spring-cloud-contract-spec\2.2.0.RC1\spring-cloud-contract-spec-2.2.0.RC1.jar;C:\Users\vsachdeva\.m2\repository\org\springframework\cloud\spring-cloud-contract-spec-java\2.2.0.RC1\spring-cloud-contract-spec-java-2.2.0.RC1.jar;C:\Users\vsachdeva\.m2\repository\dk\brics\automaton\automaton\1.11-8\automaton-1.11-8.jar;C:\Users\vsachdeva\.m2\repository\org\apache\commons\commons-text\1.7\commons-text-1.7.jar;C:\Users\vsachdeva\.m2\repository\org\springframework\cloud\spring-cloud-contract-spec-groovy\2.2.0.RC1\spring-cloud-contract-spec-groovy-2.2.0.RC1.jar;C:\Users\vsachdeva\.m2\repository\org\springframework\cloud\spring-cloud-contract-shade\2.2.0.RC1\spring-cloud-contract-shade-2.2.0.RC1.jar;C:\Users\vsachdeva\.m2\repository\com\fasterxml\jackson\core\jackson-databind\2.10.0\jackson-databind-2.10.0.jar;C:\Users\vsachdeva\.m2\repository\com\fasterxml\jackson\core\jackson-annotations\2.10.0\jackson-annotations-2.10.0.jar;C:\Users\vsachdeva\.m2\repository\com\fasterxml\jackson\core\jackson-core\2.10.0\jackson-core-2.10.0.jar;C:\Users\vsachdeva\.m2\repository\javax\inject\javax.inject\1\javax.inject-1.jar;C:\Users\vsachdeva\.m2\repository\com\github\tomakehurst\wiremock-jre8-standalone\2.25.1\wiremock-jre8-standalone-2.25.1.jar;C:\Users\vsachdeva\.m2\repository\org\apache\maven\resolver\maven-resolver-api\1.3.3\maven-resolver-api-1.3.3.jar;C:\Users\vsachdeva\.m2\repository\com\rackspace\eclipse\webtools\sourceediting\org.eclipse.wst.xml.xpath2.processor\2.1.100\org.eclipse.wst.xml.xpath2.processor-2.1.100.jar;C:\Users\vsachdeva\.m2\repository\edu\princeton\cup\java-cup\10k\java-cup-10k.jar;C:\Users\vsachdeva\.m2\repository\com\ibm\icu\icu4j\4.6\icu4j-4.6.jar;C:\Users\vsachdeva\.m2\repository\org\codehaus\groovy\groovy\2.5.8\groovy-2.5.8.jar;C:\Users\vsachdeva\.m2\repository\org\codehaus\groovy\groovy-nio\2.5.8\groovy-nio-2.5.8.jar;C:\Users\vsachdeva\.m2\repository\org\codehaus\groovy\groovy-json\2.5.8\groovy-json-2.5.8.jar;C:\Users\vsachdeva\.m2\repository\org\codehaus\groovy\groovy-xml\2.5.8\groovy-xml-2.5.8.jar;C:\Users\vsachdeva\.m2\repository\com\github\jknack\handlebars\4.1.2\handlebars-4.1.2.jar;C:\Users\vsachdeva\.m2\repository\commons-beanutils\commons-beanutils\1.9.4\commons-beanutils-1.9.4.jar;C:\Users\vsachdeva\.m2\repository\commons-logging\commons-logging\1.2\commons-logging-1.2.jar;C:\Users\vsachdeva\.m2\repository\commons-collections\commons-collections\3.2.2\commons-collections-3.2.2.jar;C:\Users\vsachdeva\.m2\repository\com\fasterxml\jackson\dataformat\jackson-dataformat-yaml\2.10.0\jackson-dataformat-yaml-2.10.0.jar;C:\Users\vsachdeva\.m2\repository\org\springframework\cloud\spring-cloud-function-compiler\3.0.0.RC1\spring-cloud-function-compiler-3.0.0.RC1.jar;C:\Users\vsachdeva\.m2\repository\org\eclipse\jdt\core\compiler\ecj\4.4.2\ecj-4.4.2.jar;C:\Users\vsachdeva\.m2\repository\org\springframework\cloud\spring-cloud-function-core\3.0.0.RC1\spring-cloud-function-core-3.0.0.RC1.jar;C:\Users\vsachdeva\.m2\repository\io\rest-assured\rest-assured\3.3.0\rest-assured-3.3.0.jar;C:\Users\vsachdeva\.m2\repository\org\apache\httpcomponents\httpclient\4.5.10\httpclient-4.5.10.jar;C:\Users\vsachdeva\.m2\repository\org\apache\httpcomponents\httpcore\4.4.12\httpcore-4.4.12.jar;C:\Users\vsachdeva\.m2\repository\commons-codec\commons-codec\1.13\commons-codec-1.13.jar;C:\Users\vsachdeva\.m2\repository\org\apache\httpcomponents\httpmime\4.5.10\httpmime-4.5.10.jar;C:\Users\vsachdeva\.m2\repository\org\hamcrest\hamcrest-core\2.1\hamcrest-core-2.1.jar;C:\Users\vsachdeva\.m2\repository\org\hamcrest\hamcrest-library\2.1\hamcrest-library-2.1.jar;C:\Users\vsachdeva\.m2\repository\org\ccil\cowan\tagsoup\tagsoup\1.2.1\tagsoup-1.2.1.jar;C:\Users\vsachdeva\.m2\repository\io\rest-assured\json-path\3.3.0\json-path-3.3.0.jar;C:\Users\vsachdeva\.m2\repository\io\rest-assured\rest-assured-common\3.3.0\rest-assured-common-3.3.0.jar;C:\Users\vsachdeva\.m2\repository\io\rest-assured\xml-path\3.3.0\xml-path-3.3.0.jar;C:\Users\vsachdeva\.m2\repository\javax\xml\bind\jaxb-api\2.3.1\jaxb-api-2.3.1.jar;C:\Users\vsachdeva\.m2\repository\javax\activation\javax.activation-api\1.2.0\javax.activation-api-1.2.0.jar;C:\Users\vsachdeva\.m2\repository\com\sun\xml\bind\jaxb-osgi\2.2.10\jaxb-osgi-2.2.10.jar;C:\Users\vsachdeva\.m2\repository\org\apache\sling\org.apache.sling.javax.activation\0.1.0\org.apache.sling.javax.activation-0.1.0.jar;C:\Users\vsachdeva\.m2\repository\javax\activation\activation\1.1.1\activation-1.1.1.jar;C:\Users\vsachdeva\.m2\repository\io\rest-assured\spring-mock-mvc\3.3.0\spring-mock-mvc-3.3.0.jar;C:\Users\vsachdeva\.m2\repository\com\toomuchcoding\jsonassert\jsonassert\0.4.13\jsonassert-0.4.13.jar;C:\Users\vsachdeva\.m2\repository\cglib\cglib\3.2.9\cglib-3.2.9.jar;C:\Users\vsachdeva\.m2\repository\org\ow2\asm\asm\7.0\asm-7.0.jar;C:\Users\vsachdeva\.m2\repository\org\apache\ant\ant\1.10.3\ant-1.10.3.jar;C:\Users\vsachdeva\.m2\repository\org\apache\ant\ant-launcher\1.10.3\ant-launcher-1.10.3.jar;C:\Users\vsachdeva\.m2\repository\io\rest-assured\spring-web-test-client\3.3.0\spring-web-test-client-3.3.0.jar;C:\Users\vsachdeva\.m2\repository\io\rest-assured\spring-commons\3.3.0\spring-commons-3.3.0.jar;C:\Users\vsachdeva\.m2\repository\org\springframework\spring-context\5.2.0.RELEASE\spring-context-5.2.0.RELEASE.jar;C:\Users\vsachdeva\.m2\repository\org\springframework\spring-aop\5.2.0.RELEASE\spring-aop-5.2.0.RELEASE.jar;C:\Users\vsachdeva\.m2\repository\org\springframework\spring-beans\5.2.0.RELEASE\spring-beans-5.2.0.RELEASE.jar;C:\Users\vsachdeva\.m2\repository\org\springframework\spring-expression\5.2.0.RELEASE\spring-expression-5.2.0.RELEASE.jar;C:\Users\vsachdeva\.m2\repository\org\springframework\spring-webflux\5.2.0.RELEASE\spring-webflux-5.2.0.RELEASE.jar;C:\Users\vsachdeva\.m2\repository\org\springframework\boot\spring-boot-starter-webflux\2.2.0.RELEASE\spring-boot-starter-webflux-2.2.0.RELEASE.jar;C:\Users\vsachdeva\.m2\repository\org\springframework\boot\spring-boot-starter-json\2.2.0.RELEASE\spring-boot-starter-json-2.2.0.RELEASE.jar;C:\Users\vsachdeva\.m2\repository\com\fasterxml\jackson\datatype\jackson-datatype-jdk8\2.10.0\jackson-datatype-jdk8-2.10.0.jar;C:\Users\vsachdeva\.m2\repository\com\fasterxml\jackson\datatype\jackson-datatype-jsr310\2.10.0\jackson-datatype-jsr310-2.10.0.jar;C:\Users\vsachdeva\.m2\repository\com\fasterxml\jackson\module\jackson-module-parameter-names\2.10.0\jackson-module-parameter-names-2.10.0.jar;C:\Users\vsachdeva\.m2\repository\org\springframework\boot\spring-boot-starter-reactor-netty\2.2.0.RELEASE\spring-boot-starter-reactor-netty-2.2.0.RELEASE.jar;C:\Users\vsachdeva\.m2\repository\io\projectreactor\netty\reactor-netty\0.9.0.RELEASE\reactor-netty-0.9.0.RELEASE.jar;C:\Users\vsachdeva\.m2\repository\io\netty\netty-codec-http\4.1.42.Final\netty-codec-http-4.1.42.Final.jar;C:\Users\vsachdeva\.m2\repository\io\netty\netty-common\4.1.42.Final\netty-common-4.1.42.Final.jar;C:\Users\vsachdeva\.m2\repository\io\netty\netty-buffer\4.1.42.Final\netty-buffer-4.1.42.Final.jar;C:\Users\vsachdeva\.m2\repository\io\netty\netty-transport\4.1.42.Final\netty-transport-4.1.42.Final.jar;C:\Users\vsachdeva\.m2\repository\io\netty\netty-resolver\4.1.42.Final\netty-resolver-4.1.42.Final.jar;C:\Users\vsachdeva\.m2\repository\io\netty\netty-codec\4.1.42.Final\netty-codec-4.1.42.Final.jar;C:\Users\vsachdeva\.m2\repository\io\netty\netty-codec-http2\4.1.42.Final\netty-codec-http2-4.1.42.Final.jar;C:\Users\vsachdeva\.m2\repository\io\netty\netty-handler\4.1.42.Final\netty-handler-4.1.42.Final.jar;C:\Users\vsachdeva\.m2\repository\io\netty\netty-handler-proxy\4.1.42.Final\netty-handler-proxy-4.1.42.Final.jar;C:\Users\vsachdeva\.m2\repository\io\netty\netty-codec-socks\4.1.42.Final\netty-codec-socks-4.1.42.Final.jar;C:\Users\vsachdeva\.m2\repository\io\netty\netty-transport-native-epoll\4.1.42.Final\netty-transport-native-epoll-4.1.42.Final-linux-x86_64.jar;C:\Users\vsachdeva\.m2\repository\io\netty\netty-transport-native-unix-common\4.1.42.Final\netty-transport-native-unix-common-4.1.42.Final.jar;C:\Users\vsachdeva\.m2\repository\io\projectreactor\addons\reactor-pool\0.1.0.RELEASE\reactor-pool-0.1.0.RELEASE.jar;C:\Users\vsachdeva\.m2\repository\org\glassfish\jakarta.el\3.0.3\jakarta.el-3.0.3.jar;C:\Users\vsachdeva\.m2\repository\org\springframework\boot\spring-boot-starter-validation\2.2.0.RELEASE\spring-boot-starter-validation-2.2.0.RELEASE.jar;C:\Users\vsachdeva\.m2\repository\jakarta\validation\jakarta.validation-api\2.0.1\jakarta.validation-api-2.0.1.jar;C:\Users\vsachdeva\.m2\repository\org\hibernate\validator\hibernate-validator\6.0.17.Final\hibernate-validator-6.0.17.Final.jar;C:\Users\vsachdeva\.m2\repository\org\jboss\logging\jboss-logging\3.4.1.Final\jboss-logging-3.4.1.Final.jar;C:\Users\vsachdeva\.m2\repository\com\fasterxml\classmate\1.5.0\classmate-1.5.0.jar;C:\Users\vsachdeva\.m2\repository\org\springframework\spring-web\5.2.0.RELEASE\spring-web-5.2.0.RELEASE.jar;C:\Users\vsachdeva\.m2\repository\org\synchronoss\cloud\nio-multipart-parser\1.1.0\nio-multipart-parser-1.1.0.jar;C:\Users\vsachdeva\.m2\repository\org\synchronoss\cloud\nio-stream-storage\1.1.3\nio-stream-storage-1.1.3.jar;C:\Users\vsachdeva\.m2\repository\org\springframework\boot\spring-boot-starter-data-mongodb-reactive\2.2.0.RELEASE\spring-boot-starter-data-mongodb-reactive-2.2.0.RELEASE.jar;C:\Users\vsachdeva\.m2\repository\org\springframework\data\spring-data-mongodb\2.2.0.RELEASE\spring-data-mongodb-2.2.0.RELEASE.jar;C:\Users\vsachdeva\.m2\repository\org\springframework\spring-tx\5.2.0.RELEASE\spring-tx-5.2.0.RELEASE.jar;C:\Users\vsachdeva\.m2\repository\org\springframework\data\spring-data-commons\2.2.0.RELEASE\spring-data-commons-2.2.0.RELEASE.jar;C:\Users\vsachdeva\.m2\repository\org\mongodb\mongodb-driver\3.11.1\mongodb-driver-3.11.1.jar;C:\Users\vsachdeva\.m2\repository\org\mongodb\bson\3.11.1\bson-3.11.1.jar;C:\Users\vsachdeva\.m2\repository\org\mongodb\mongodb-driver-core\3.11.1\mongodb-driver-core-3.11.1.jar;C:\Users\vsachdeva\.m2\repository\org\mongodb\mongodb-driver-async\3.11.1\mongodb-driver-async-3.11.1.jar;C:\Users\vsachdeva\.m2\repository\org\mongodb\mongodb-driver-reactivestreams\1.12.0\mongodb-driver-reactivestreams-1.12.0.jar;C:\Users\vsachdeva\.m2\repository\org\reactivestreams\reactive-streams\1.0.3\reactive-streams-1.0.3.jar;C:\Users\vsachdeva\.m2\repository\io\projectreactor\reactor-core\3.3.0.RELEASE\reactor-core-3.3.0.RELEASE.jar;C:\Users\vsachdeva\.m2\repository\de\flapdoodle\embed\de.flapdoodle.embed.mongo\2.2.0\de.flapdoodle.embed.mongo-2.2.0.jar;C:\Users\vsachdeva\.m2\repository\de\flapdoodle\embed\de.flapdoodle.embed.process\2.1.2\de.flapdoodle.embed.process-2.1.2.jar;C:\Users\vsachdeva\.m2\repository\org\apache\commons\commons-lang3\3.9\commons-lang3-3.9.jar;C:\Users\vsachdeva\.m2\repository\net\java\dev\jna\jna\4.5.2\jna-4.5.2.jar;C:\Users\vsachdeva\.m2\repository\net\java\dev\jna\jna-platform\4.5.2\jna-platform-4.5.2.jar;C:\Users\vsachdeva\.m2\repository\org\apache\commons\commons-compress\1.18\commons-compress-1.18.jar;C:\Users\vsachdeva\.m2\repository\io\projectreactor\reactor-test\3.3.0.RELEASE\reactor-test-3.3.0.RELEASE.jar;"/>
    <property name="java.vm.vendor" value="Oracle Corporation"/>
    <property name="sun.arch.data.model" value="64"/>
    <property name="user.variant" value=""/>
    <property name="java.vendor.url" value="http://java.oracle.com/"/>
    <property name="user.timezone" value="Asia/Calcutta"/>
    <property name="java.vm.specification.version" value="11"/>
    <property name="os.name" value="Windows 10"/>
    <property name="sun.java.launcher" value="SUN_STANDARD"/>
    <property name="user.country" value="US"/>
    <property name="sun.boot.library.path" value="C:\Program Files\Java\jdk-11.0.4\bin"/>
    <property name="sun.java.command" value="C:\Users\VSACHD~1\AppData\Local\Temp\surefire8840472569302239649\surefirebooter4599168606479353821.jar C:\Users\vsachdeva\AppData\Local\Temp\surefire8840472569302239649 2019-12-14T21-33-04_575-jvmRun1 surefire12970153718954732460tmp surefire_010416125836141812339tmp"/>
    <property name="jdk.debug" value="release"/>
    <property name="surefire.test.class.path" value="D:\mine\projects\workspace\java-microservice\java-microservice\target\test-classes;D:\mine\projects\workspace\java-microservice\java-microservice\target\classes;C:\Users\vsachdeva\.m2\repository\org\springframework\boot\spring-boot-starter\2.2.0.RELEASE\spring-boot-starter-2.2.0.RELEASE.jar;C:\Users\vsachdeva\.m2\repository\org\springframework\boot\spring-boot\2.2.0.RELEASE\spring-boot-2.2.0.RELEASE.jar;C:\Users\vsachdeva\.m2\repository\org\springframework\boot\spring-boot-autoconfigure\2.2.0.RELEASE\spring-boot-autoconfigure-2.2.0.RELEASE.jar;C:\Users\vsachdeva\.m2\repository\org\springframework\boot\spring-boot-starter-logging\2.2.0.RELEASE\spring-boot-starter-logging-2.2.0.RELEASE.jar;C:\Users\vsachdeva\.m2\repository\ch\qos\logback\logback-classic\1.2.3\logback-classic-1.2.3.jar;C:\Users\vsachdeva\.m2\repository\ch\qos\logback\logback-core\1.2.3\logback-core-1.2.3.jar;C:\Users\vsachdeva\.m2\repository\org\apache\logging\log4j\log4j-to-slf4j\2.12.1\log4j-to-slf4j-2.12.1.jar;C:\Users\vsachdeva\.m2\repository\org\apache\logging\log4j\log4j-api\2.12.1\log4j-api-2.12.1.jar;C:\Users\vsachdeva\.m2\repository\org\slf4j\jul-to-slf4j\1.7.28\jul-to-slf4j-1.7.28.jar;C:\Users\vsachdeva\.m2\repository\jakarta\annotation\jakarta.annotation-api\1.3.5\jakarta.annotation-api-1.3.5.jar;C:\Users\vsachdeva\.m2\repository\org\springframework\spring-core\5.2.0.RELEASE\spring-core-5.2.0.RELEASE.jar;C:\Users\vsachdeva\.m2\repository\org\springframework\spring-jcl\5.2.0.RELEASE\spring-jcl-5.2.0.RELEASE.jar;C:\Users\vsachdeva\.m2\repository\org\yaml\snakeyaml\1.25\snakeyaml-1.25.jar;C:\Users\vsachdeva\.m2\repository\org\springframework\boot\spring-boot-starter-test\2.2.0.RELEASE\spring-boot-starter-test-2.2.0.RELEASE.jar;C:\Users\vsachdeva\.m2\repository\org\springframework\boot\spring-boot-test\2.2.0.RELEASE\spring-boot-test-2.2.0.RELEASE.jar;C:\Users\vsachdeva\.m2\repository\org\springframework\boot\spring-boot-test-autoconfigure\2.2.0.RELEASE\spring-boot-test-autoconfigure-2.2.0.RELEASE.jar;C:\Users\vsachdeva\.m2\repository\com\jayway\jsonpath\json-path\2.4.0\json-path-2.4.0.jar;C:\Users\vsachdeva\.m2\repository\net\minidev\json-smart\2.3\json-smart-2.3.jar;C:\Users\vsachdeva\.m2\repository\net\minidev\accessors-smart\1.2\accessors-smart-1.2.jar;C:\Users\vsachdeva\.m2\repository\org\slf4j\slf4j-api\1.7.28\slf4j-api-1.7.28.jar;C:\Users\vsachdeva\.m2\repository\jakarta\xml\bind\jakarta.xml.bind-api\2.3.2\jakarta.xml.bind-api-2.3.2.jar;C:\Users\vsachdeva\.m2\repository\jakarta\activation\jakarta.activation-api\1.2.1\jakarta.activation-api-1.2.1.jar;C:\Users\vsachdeva\.m2\repository\org\junit\jupiter\junit-jupiter\5.5.2\junit-jupiter-5.5.2.jar;C:\Users\vsachdeva\.m2\repository\org\junit\jupiter\junit-jupiter-params\5.5.2\junit-jupiter-params-5.5.2.jar;C:\Users\vsachdeva\.m2\repository\org\junit\vintage\junit-vintage-engine\5.5.2\junit-vintage-engine-5.5.2.jar;C:\Users\vsachdeva\.m2\repository\org\mockito\mockito-junit-jupiter\3.1.0\mockito-junit-jupiter-3.1.0.jar;C:\Users\vsachdeva\.m2\repository\org\assertj\assertj-core\3.13.2\assertj-core-3.13.2.jar;C:\Users\vsachdeva\.m2\repository\org\hamcrest\hamcrest\2.1\hamcrest-2.1.jar;C:\Users\vsachdeva\.m2\repository\org\mockito\mockito-core\3.1.0\mockito-core-3.1.0.jar;C:\Users\vsachdeva\.m2\repository\net\bytebuddy\byte-buddy\1.10.1\byte-buddy-1.10.1.jar;C:\Users\vsachdeva\.m2\repository\net\bytebuddy\byte-buddy-agent\1.10.1\byte-buddy-agent-1.10.1.jar;C:\Users\vsachdeva\.m2\repository\org\objenesis\objenesis\2.6\objenesis-2.6.jar;C:\Users\vsachdeva\.m2\repository\org\skyscreamer\jsonassert\1.5.0\jsonassert-1.5.0.jar;C:\Users\vsachdeva\.m2\repository\com\vaadin\external\google\android-json\0.0.20131108.vaadin1\android-json-0.0.20131108.vaadin1.jar;C:\Users\vsachdeva\.m2\repository\org\springframework\spring-test\5.2.0.RELEASE\spring-test-5.2.0.RELEASE.jar;C:\Users\vsachdeva\.m2\repository\org\xmlunit\xmlunit-core\2.6.3\xmlunit-core-2.6.3.jar;C:\Users\vsachdeva\.m2\repository\org\springframework\boot\spring-boot-devtools\2.2.0.RELEASE\spring-boot-devtools-2.2.0.RELEASE.jar;C:\Users\vsachdeva\.m2\repository\org\junit\jupiter\junit-jupiter-api\5.5.2\junit-jupiter-api-5.5.2.jar;C:\Users\vsachdeva\.m2\repository\org\apiguardian\apiguardian-api\1.1.0\apiguardian-api-1.1.0.jar;C:\Users\vsachdeva\.m2\repository\org\opentest4j\opentest4j\1.2.0\opentest4j-1.2.0.jar;C:\Users\vsachdeva\.m2\repository\org\junit\jupiter\junit-jupiter-engine\5.5.2\junit-jupiter-engine-5.5.2.jar;C:\Users\vsachdeva\.m2\repository\org\junit\platform\junit-platform-engine\1.5.2\junit-platform-engine-1.5.2.jar;C:\Users\vsachdeva\.m2\repository\org\junit\platform\junit-platform-commons\1.5.2\junit-platform-commons-1.5.2.jar;C:\Users\vsachdeva\.m2\repository\org\springframework\cloud\spring-cloud-starter-contract-verifier\2.2.0.RC1\spring-cloud-starter-contract-verifier-2.2.0.RC1.jar;C:\Users\vsachdeva\.m2\repository\org\springframework\cloud\spring-cloud-contract-verifier\2.2.0.RC1\spring-cloud-contract-verifier-2.2.0.RC1.jar;C:\Users\vsachdeva\.m2\repository\org\springframework\cloud\spring-cloud-contract-spec\2.2.0.RC1\spring-cloud-contract-spec-2.2.0.RC1.jar;C:\Users\vsachdeva\.m2\repository\org\springframework\cloud\spring-cloud-contract-spec-java\2.2.0.RC1\spring-cloud-contract-spec-java-2.2.0.RC1.jar;C:\Users\vsachdeva\.m2\repository\dk\brics\automaton\automaton\1.11-8\automaton-1.11-8.jar;C:\Users\vsachdeva\.m2\repository\org\apache\commons\commons-text\1.7\commons-text-1.7.jar;C:\Users\vsachdeva\.m2\repository\org\springframework\cloud\spring-cloud-contract-spec-groovy\2.2.0.RC1\spring-cloud-contract-spec-groovy-2.2.0.RC1.jar;C:\Users\vsachdeva\.m2\repository\org\springframework\cloud\spring-cloud-contract-shade\2.2.0.RC1\spring-cloud-contract-shade-2.2.0.RC1.jar;C:\Users\vsachdeva\.m2\repository\com\fasterxml\jackson\core\jackson-databind\2.10.0\jackson-databind-2.10.0.jar;C:\Users\vsachdeva\.m2\repository\com\fasterxml\jackson\core\jackson-annotations\2.10.0\jackson-annotations-2.10.0.jar;C:\Users\vsachdeva\.m2\repository\com\fasterxml\jackson\core\jackson-core\2.10.0\jackson-core-2.10.0.jar;C:\Users\vsachdeva\.m2\repository\javax\inject\javax.inject\1\javax.inject-1.jar;C:\Users\vsachdeva\.m2\repository\com\github\tomakehurst\wiremock-jre8-standalone\2.25.1\wiremock-jre8-standalone-2.25.1.jar;C:\Users\vsachdeva\.m2\repository\org\apache\maven\resolver\maven-resolver-api\1.3.3\maven-resolver-api-1.3.3.jar;C:\Users\vsachdeva\.m2\repository\com\rackspace\eclipse\webtools\sourceediting\org.eclipse.wst.xml.xpath2.processor\2.1.100\org.eclipse.wst.xml.xpath2.processor-2.1.100.jar;C:\Users\vsachdeva\.m2\repository\edu\princeton\cup\java-cup\10k\java-cup-10k.jar;C:\Users\vsachdeva\.m2\repository\com\ibm\icu\icu4j\4.6\icu4j-4.6.jar;C:\Users\vsachdeva\.m2\repository\org\codehaus\groovy\groovy\2.5.8\groovy-2.5.8.jar;C:\Users\vsachdeva\.m2\repository\org\codehaus\groovy\groovy-nio\2.5.8\groovy-nio-2.5.8.jar;C:\Users\vsachdeva\.m2\repository\org\codehaus\groovy\groovy-json\2.5.8\groovy-json-2.5.8.jar;C:\Users\vsachdeva\.m2\repository\org\codehaus\groovy\groovy-xml\2.5.8\groovy-xml-2.5.8.jar;C:\Users\vsachdeva\.m2\repository\com\github\jknack\handlebars\4.1.2\handlebars-4.1.2.jar;C:\Users\vsachdeva\.m2\repository\commons-beanutils\commons-beanutils\1.9.4\commons-beanutils-1.9.4.jar;C:\Users\vsachdeva\.m2\repository\commons-logging\commons-logging\1.2\commons-logging-1.2.jar;C:\Users\vsachdeva\.m2\repository\commons-collections\commons-collections\3.2.2\commons-collections-3.2.2.jar;C:\Users\vsachdeva\.m2\repository\com\fasterxml\jackson\dataformat\jackson-dataformat-yaml\2.10.0\jackson-dataformat-yaml-2.10.0.jar;C:\Users\vsachdeva\.m2\repository\org\springframework\cloud\spring-cloud-function-compiler\3.0.0.RC1\spring-cloud-function-compiler-3.0.0.RC1.jar;C:\Users\vsachdeva\.m2\repository\org\eclipse\jdt\core\compiler\ecj\4.4.2\ecj-4.4.2.jar;C:\Users\vsachdeva\.m2\repository\org\springframework\cloud\spring-cloud-function-core\3.0.0.RC1\spring-cloud-function-core-3.0.0.RC1.jar;C:\Users\vsachdeva\.m2\repository\io\rest-assured\rest-assured\3.3.0\rest-assured-3.3.0.jar;C:\Users\vsachdeva\.m2\repository\org\apache\httpcomponents\httpclient\4.5.10\httpclient-4.5.10.jar;C:\Users\vsachdeva\.m2\repository\org\apache\httpcomponents\httpcore\4.4.12\httpcore-4.4.12.jar;C:\Users\vsachdeva\.m2\repository\commons-codec\commons-codec\1.13\commons-codec-1.13.jar;C:\Users\vsachdeva\.m2\repository\org\apache\httpcomponents\httpmime\4.5.10\httpmime-4.5.10.jar;C:\Users\vsachdeva\.m2\repository\org\hamcrest\hamcrest-core\2.1\hamcrest-core-2.1.jar;C:\Users\vsachdeva\.m2\repository\org\hamcrest\hamcrest-library\2.1\hamcrest-library-2.1.jar;C:\Users\vsachdeva\.m2\repository\org\ccil\cowan\tagsoup\tagsoup\1.2.1\tagsoup-1.2.1.jar;C:\Users\vsachdeva\.m2\repository\io\rest-assured\json-path\3.3.0\json-path-3.3.0.jar;C:\Users\vsachdeva\.m2\repository\io\rest-assured\rest-assured-common\3.3.0\rest-assured-common-3.3.0.jar;C:\Users\vsachdeva\.m2\repository\io\rest-assured\xml-path\3.3.0\xml-path-3.3.0.jar;C:\Users\vsachdeva\.m2\repository\javax\xml\bind\jaxb-api\2.3.1\jaxb-api-2.3.1.jar;C:\Users\vsachdeva\.m2\repository\javax\activation\javax.activation-api\1.2.0\javax.activation-api-1.2.0.jar;C:\Users\vsachdeva\.m2\repository\com\sun\xml\bind\jaxb-osgi\2.2.10\jaxb-osgi-2.2.10.jar;C:\Users\vsachdeva\.m2\repository\org\apache\sling\org.apache.sling.javax.activation\0.1.0\org.apache.sling.javax.activation-0.1.0.jar;C:\Users\vsachdeva\.m2\repository\javax\activation\activation\1.1.1\activation-1.1.1.jar;C:\Users\vsachdeva\.m2\repository\io\rest-assured\spring-mock-mvc\3.3.0\spring-mock-mvc-3.3.0.jar;C:\Users\vsachdeva\.m2\repository\com\toomuchcoding\jsonassert\jsonassert\0.4.13\jsonassert-0.4.13.jar;C:\Users\vsachdeva\.m2\repository\cglib\cglib\3.2.9\cglib-3.2.9.jar;C:\Users\vsachdeva\.m2\repository\org\ow2\asm\asm\7.0\asm-7.0.jar;C:\Users\vsachdeva\.m2\repository\org\apache\ant\ant\1.10.3\ant-1.10.3.jar;C:\Users\vsachdeva\.m2\repository\org\apache\ant\ant-launcher\1.10.3\ant-launcher-1.10.3.jar;C:\Users\vsachdeva\.m2\repository\io\rest-assured\spring-web-test-client\3.3.0\spring-web-test-client-3.3.0.jar;C:\Users\vsachdeva\.m2\repository\io\rest-assured\spring-commons\3.3.0\spring-commons-3.3.0.jar;C:\Users\vsachdeva\.m2\repository\org\springframework\spring-context\5.2.0.RELEASE\spring-context-5.2.0.RELEASE.jar;C:\Users\vsachdeva\.m2\repository\org\springframework\spring-aop\5.2.0.RELEASE\spring-aop-5.2.0.RELEASE.jar;C:\Users\vsachdeva\.m2\repository\org\springframework\spring-beans\5.2.0.RELEASE\spring-beans-5.2.0.RELEASE.jar;C:\Users\vsachdeva\.m2\repository\org\springframework\spring-expression\5.2.0.RELEASE\spring-expression-5.2.0.RELEASE.jar;C:\Users\vsachdeva\.m2\repository\org\springframework\spring-webflux\5.2.0.RELEASE\spring-webflux-5.2.0.RELEASE.jar;C:\Users\vsachdeva\.m2\repository\org\springframework\boot\spring-boot-starter-webflux\2.2.0.RELEASE\spring-boot-starter-webflux-2.2.0.RELEASE.jar;C:\Users\vsachdeva\.m2\repository\org\springframework\boot\spring-boot-starter-json\2.2.0.RELEASE\spring-boot-starter-json-2.2.0.RELEASE.jar;C:\Users\vsachdeva\.m2\repository\com\fasterxml\jackson\datatype\jackson-datatype-jdk8\2.10.0\jackson-datatype-jdk8-2.10.0.jar;C:\Users\vsachdeva\.m2\repository\com\fasterxml\jackson\datatype\jackson-datatype-jsr310\2.10.0\jackson-datatype-jsr310-2.10.0.jar;C:\Users\vsachdeva\.m2\repository\com\fasterxml\jackson\module\jackson-module-parameter-names\2.10.0\jackson-module-parameter-names-2.10.0.jar;C:\Users\vsachdeva\.m2\repository\org\springframework\boot\spring-boot-starter-reactor-netty\2.2.0.RELEASE\spring-boot-starter-reactor-netty-2.2.0.RELEASE.jar;C:\Users\vsachdeva\.m2\repository\io\projectreactor\netty\reactor-netty\0.9.0.RELEASE\reactor-netty-0.9.0.RELEASE.jar;C:\Users\vsachdeva\.m2\repository\io\netty\netty-codec-http\4.1.42.Final\netty-codec-http-4.1.42.Final.jar;C:\Users\vsachdeva\.m2\repository\io\netty\netty-common\4.1.42.Final\netty-common-4.1.42.Final.jar;C:\Users\vsachdeva\.m2\repository\io\netty\netty-buffer\4.1.42.Final\netty-buffer-4.1.42.Final.jar;C:\Users\vsachdeva\.m2\repository\io\netty\netty-transport\4.1.42.Final\netty-transport-4.1.42.Final.jar;C:\Users\vsachdeva\.m2\repository\io\netty\netty-resolver\4.1.42.Final\netty-resolver-4.1.42.Final.jar;C:\Users\vsachdeva\.m2\repository\io\netty\netty-codec\4.1.42.Final\netty-codec-4.1.42.Final.jar;C:\Users\vsachdeva\.m2\repository\io\netty\netty-codec-http2\4.1.42.Final\netty-codec-http2-4.1.42.Final.jar;C:\Users\vsachdeva\.m2\repository\io\netty\netty-handler\4.1.42.Final\netty-handler-4.1.42.Final.jar;C:\Users\vsachdeva\.m2\repository\io\netty\netty-handler-proxy\4.1.42.Final\netty-handler-proxy-4.1.42.Final.jar;C:\Users\vsachdeva\.m2\repository\io\netty\netty-codec-socks\4.1.42.Final\netty-codec-socks-4.1.42.Final.jar;C:\Users\vsachdeva\.m2\repository\io\netty\netty-transport-native-epoll\4.1.42.Final\netty-transport-native-epoll-4.1.42.Final-linux-x86_64.jar;C:\Users\vsachdeva\.m2\repository\io\netty\netty-transport-native-unix-common\4.1.42.Final\netty-transport-native-unix-common-4.1.42.Final.jar;C:\Users\vsachdeva\.m2\repository\io\projectreactor\addons\reactor-pool\0.1.0.RELEASE\reactor-pool-0.1.0.RELEASE.jar;C:\Users\vsachdeva\.m2\repository\org\glassfish\jakarta.el\3.0.3\jakarta.el-3.0.3.jar;C:\Users\vsachdeva\.m2\repository\org\springframework\boot\spring-boot-starter-validation\2.2.0.RELEASE\spring-boot-starter-validation-2.2.0.RELEASE.jar;C:\Users\vsachdeva\.m2\repository\jakarta\validation\jakarta.validation-api\2.0.1\jakarta.validation-api-2.0.1.jar;C:\Users\vsachdeva\.m2\repository\org\hibernate\validator\hibernate-validator\6.0.17.Final\hibernate-validator-6.0.17.Final.jar;C:\Users\vsachdeva\.m2\repository\org\jboss\logging\jboss-logging\3.4.1.Final\jboss-logging-3.4.1.Final.jar;C:\Users\vsachdeva\.m2\repository\com\fasterxml\classmate\1.5.0\classmate-1.5.0.jar;C:\Users\vsachdeva\.m2\repository\org\springframework\spring-web\5.2.0.RELEASE\spring-web-5.2.0.RELEASE.jar;C:\Users\vsachdeva\.m2\repository\org\synchronoss\cloud\nio-multipart-parser\1.1.0\nio-multipart-parser-1.1.0.jar;C:\Users\vsachdeva\.m2\repository\org\synchronoss\cloud\nio-stream-storage\1.1.3\nio-stream-storage-1.1.3.jar;C:\Users\vsachdeva\.m2\repository\org\springframework\boot\spring-boot-starter-data-mongodb-reactive\2.2.0.RELEASE\spring-boot-starter-data-mongodb-reactive-2.2.0.RELEASE.jar;C:\Users\vsachdeva\.m2\repository\org\springframework\data\spring-data-mongodb\2.2.0.RELEASE\spring-data-mongodb-2.2.0.RELEASE.jar;C:\Users\vsachdeva\.m2\repository\org\springframework\spring-tx\5.2.0.RELEASE\spring-tx-5.2.0.RELEASE.jar;C:\Users\vsachdeva\.m2\repository\org\springframework\data\spring-data-commons\2.2.0.RELEASE\spring-data-commons-2.2.0.RELEASE.jar;C:\Users\vsachdeva\.m2\repository\org\mongodb\mongodb-driver\3.11.1\mongodb-driver-3.11.1.jar;C:\Users\vsachdeva\.m2\repository\org\mongodb\bson\3.11.1\bson-3.11.1.jar;C:\Users\vsachdeva\.m2\repository\org\mongodb\mongodb-driver-core\3.11.1\mongodb-driver-core-3.11.1.jar;C:\Users\vsachdeva\.m2\repository\org\mongodb\mongodb-driver-async\3.11.1\mongodb-driver-async-3.11.1.jar;C:\Users\vsachdeva\.m2\repository\org\mongodb\mongodb-driver-reactivestreams\1.12.0\mongodb-driver-reactivestreams-1.12.0.jar;C:\Users\vsachdeva\.m2\repository\org\reactivestreams\reactive-streams\1.0.3\reactive-streams-1.0.3.jar;C:\Users\vsachdeva\.m2\repository\io\projectreactor\reactor-core\3.3.0.RELEASE\reactor-core-3.3.0.RELEASE.jar;C:\Users\vsachdeva\.m2\repository\de\flapdoodle\embed\de.flapdoodle.embed.mongo\2.2.0\de.flapdoodle.embed.mongo-2.2.0.jar;C:\Users\vsachdeva\.m2\repository\de\flapdoodle\embed\de.flapdoodle.embed.process\2.1.2\de.flapdoodle.embed.process-2.1.2.jar;C:\Users\vsachdeva\.m2\repository\org\apache\commons\commons-lang3\3.9\commons-lang3-3.9.jar;C:\Users\vsachdeva\.m2\repository\net\java\dev\jna\jna\4.5.2\jna-4.5.2.jar;C:\Users\vsachdeva\.m2\repository\net\java\dev\jna\jna-platform\4.5.2\jna-platform-4.5.2.jar;C:\Users\vsachdeva\.m2\repository\org\apache\commons\commons-compress\1.18\commons-compress-1.18.jar;C:\Users\vsachdeva\.m2\repository\io\projectreactor\reactor-test\3.3.0.RELEASE\reactor-test-3.3.0.RELEASE.jar;"/>
    <property name="sun.cpu.endian" value="little"/>
    <property name="user.home" value="C:\Users\vsachdeva"/>
    <property name="user.language" value="en"/>
    <property name="java.specification.vendor" value="Oracle Corporation"/>
    <property name="java.version.date" value="2019-07-16"/>
    <property name="java.home" value="C:\Program Files\Java\jdk-11.0.4"/>
    <property name="file.separator" value="\"/>
    <property name="basedir" value="D:\mine\projects\workspace\java-microservice\java-microservice"/>
    <property name="java.vm.compressedOopsMode" value="Zero based"/>
    <property name="line.separator" value="&#10;"/>
    <property name="java.specification.name" value="Java Platform API Specification"/>
    <property name="java.vm.specification.vendor" value="Oracle Corporation"/>
    <property name="java.awt.graphicsenv" value="sun.awt.Win32GraphicsEnvironment"/>
    <property name="surefire.real.class.path" value="C:\Users\VSACHD~1\AppData\Local\Temp\surefire8840472569302239649\surefirebooter4599168606479353821.jar"/>
    <property name="user.script" value=""/>
    <property name="sun.management.compiler" value="HotSpot 64-Bit Tiered Compilers"/>
    <property name="java.runtime.version" value="11.0.4+10-LTS"/>
    <property name="user.name" value="vsachdeva"/>
    <property name="path.separator" value=";"/>
    <property name="os.version" value="10.0"/>
    <property name="java.runtime.name" value="Java(TM) SE Runtime Environment"/>
    <property name="file.encoding" value="MS932"/>
    <property name="java.vm.name" value="Java HotSpot(TM) 64-Bit Server VM"/>
    <property name="java.vendor.version" value="18.9"/>
    <property name="localRepository" value="C:\Users\vsachdeva\.m2\repository"/>
    <property name="java.vendor.url.bug" value="http://bugreport.java.com/bugreport/"/>
    <property name="java.io.tmpdir" value="C:\Users\VSACHD~1\AppData\Local\Temp\"/>
    <property name="java.version" value="11.0.4"/>
    <property name="user.dir" value="D:\mine\projects\workspace\java-microservice\java-microservice"/>
    <property name="os.arch" value="amd64"/>
    <property name="java.vm.specification.name" value="Java Virtual Machine Specification"/>
    <property name="java.awt.printerjob" value="sun.awt.windows.WPrinterJob"/>
    <property name="sun.os.patch.level" value=""/>
    <property name="java.library.path" value="C:\Program Files\Java\jdk-11.0.4\bin;C:\WINDOWS\Sun\Java\bin;C:\WINDOWS\system32;C:\WINDOWS;C:/Program Files/Java/jre1.8.0_221/bin/server;C:/Program Files/Java/jre1.8.0_221/bin;C:/Program Files/Java/jre1.8.0_221/lib/amd64;C:\Program Files (x86)\Common Files\Oracle\Java\javapath;C:\WINDOWS\system32;C:\WINDOWS;C:\WINDOWS\System32\Wbem;C:\WINDOWS\System32\WindowsPowerShell\v1.0\;C:\WINDOWS\System32\OpenSSH\;C:\Program Files\Java\jdk-11.0.4\bin\;C:\gradle-5.5.1-bin\bin;C:\apache-maven-3.6.1-bin\bin;C:\Program Files\Novell\iPrint;D:\Axway-7.5.3\apigateway\Win32\bin;C:\Program Files\nodejs\;C:\Program Files (x86)\PuTTY\;C:\WINDOWS\System32\WindowsPowerShell\v1.0\;C:\Program Files\Kubernetes\Minikube;C:\Users\vsachdeva\AppData\Local\Microsoft\WindowsApps;C:\Users\vsachdeva\AppData\Roaming\npm;C:\Users\vsachdeva\AppData\Local\Programs\Microsoft VS Code\bin;C:\openshift-client-tools;;D:\mine\projects\eclipse;;."/>
    <property name="java.vendor" value="Oracle Corporation"/>
    <property name="java.vm.info" value="mixed mode"/>
    <property name="java.vm.version" value="11.0.4+10-LTS"/>
    <property name="sun.io.unicode.encoding" value="UnicodeLittle"/>
    <property name="java.class.version" value="55.0"/>
  </properties>
  <testcase name="getAppsTest1" classname="jsample.service.AppServiceTest" time="0.027"/>
  <testcase name="deleteAppTest1" classname="jsample.service.AppServiceTest" time="0.007"/>
  <testcase name="deleteAppTest2" classname="jsample.service.AppServiceTest" time="0.004"/>
  <testcase name="addAppTest1" classname="jsample.service.AppServiceTest" time="0.005"/>
  <testcase name="updateAppTest1" classname="jsample.service.AppServiceTest" time="0.006"/>
  <testcase name="updateAppTest2" classname="jsample.service.AppServiceTest" time="0.006"/>
  <testcase name="updateAppTest3" classname="jsample.service.AppServiceTest" time="0.003"/>
</testsuite>